<?xml version="1.0" encoding="UTF-8"?>
<!-- Generated by org.testng.reporters.JUnitXMLReporter -->
<testsuite hostname="SHREYAPC" name="Default test" tests="3" failures="0" timestamp="30 Sep 2021 08:38:20 GMT" time="555.132" errors="0">
  <testcase name="amazonTest" time="100.06" classname="scripts.FirstTestNGTest"/>
  <testcase name="googleTest" time="270.43" classname="scripts.FirstTestNGTest"/>
  <testcase name="wikiTest" time="57.798" classname="scripts.FirstTestNGTest"/>
</testsuite> <!-- Default test -->
